
  .   ____          _            __ _ _
 /\\ / ___'_ __ _ _(_)_ __  __ _ \ \ \ \
( ( )\___ | '_ | '_| | '_ \/ _` | \ \ \ \
 \\/  ___)| |_)| | | | | || (_| |  ) ) ) )
  '  |____| .__|_| |_|_| |_\__, | / / / /
 =========|_|==============|___/=/_/_/_/

 :: Spring Boot ::                (v3.5.6)

2025-11-21T16:31:32.940+02:00  INFO 337078 --- [           main] o.arturs.firstSpring.Spring1Application  : Starting Spring1Application v0.0.1-SNAPSHOT using Java 25.0.1 with PID 337078 (/home/arturs/Dokumenti/WebCoder/spring1/target/spring1-0.0.1-SNAPSHOT.jar started by arturs in /home/arturs/Dokumenti/WebCoder/spring1)
2025-11-21T16:31:32.943+02:00  INFO 337078 --- [           main] o.arturs.firstSpring.Spring1Application  : The following 1 profile is active: "dev"
2025-11-21T16:31:33.599+02:00  INFO 337078 --- [           main] .s.d.r.c.RepositoryConfigurationDelegate : Bootstrapping Spring Data JPA repositories in DEFAULT mode.
2025-11-21T16:31:33.643+02:00  INFO 337078 --- [           main] .s.d.r.c.RepositoryConfigurationDelegate : Finished Spring Data repository scanning in 38 ms. Found 2 JPA repository interfaces.
2025-11-21T16:31:34.012+02:00  INFO 337078 --- [           main] o.s.b.w.embedded.tomcat.TomcatWebServer  : Tomcat initialized with port 8080 (http)
2025-11-21T16:31:34.021+02:00  INFO 337078 --- [           main] o.apache.catalina.core.StandardService   : Starting service [Tomcat]
2025-11-21T16:31:34.022+02:00  INFO 337078 --- [           main] o.apache.catalina.core.StandardEngine    : Starting Servlet engine: [Apache Tomcat/10.1.46]
2025-11-21T16:31:34.038+02:00  INFO 337078 --- [           main] o.a.c.c.C.[Tomcat].[localhost].[/]       : Initializing Spring embedded WebApplicationContext
2025-11-21T16:31:34.039+02:00  INFO 337078 --- [           main] w.s.c.ServletWebServerApplicationContext : Root WebApplicationContext: initialization completed in 1061 ms
2025-11-21T16:31:34.215+02:00  INFO 337078 --- [           main] o.hibernate.jpa.internal.util.LogHelper  : HHH000204: Processing PersistenceUnitInfo [name: default]
2025-11-21T16:31:34.254+02:00  INFO 337078 --- [           main] org.hibernate.Version                    : HHH000412: Hibernate ORM core version 6.6.29.Final
2025-11-21T16:31:34.274+02:00  INFO 337078 --- [           main] o.h.c.internal.RegionFactoryInitiator    : HHH000026: Second-level cache disabled
2025-11-21T16:31:34.506+02:00  INFO 337078 --- [           main] o.s.o.j.p.SpringPersistenceUnitInfo      : No LoadTimeWeaver setup: ignoring JPA class transformer
2025-11-21T16:31:34.532+02:00  INFO 337078 --- [           main] com.zaxxer.hikari.HikariDataSource       : HikariPool-1 - Starting...
2025-11-21T16:31:34.696+02:00  INFO 337078 --- [           main] com.zaxxer.hikari.pool.HikariPool        : HikariPool-1 - Added connection org.postgresql.jdbc.PgConnection@1152900
2025-11-21T16:31:34.697+02:00  INFO 337078 --- [           main] com.zaxxer.hikari.HikariDataSource       : HikariPool-1 - Start completed.
2025-11-21T16:31:34.718+02:00  WARN 337078 --- [           main] org.hibernate.orm.deprecation            : HHH90000025: PostgreSQLDialect does not need to be specified explicitly using 'hibernate.dialect' (remove the property setting and it will be selected by default)
2025-11-21T16:31:34.728+02:00  INFO 337078 --- [           main] org.hibernate.orm.connections.pooling    : HHH10001005: Database info:
	Database JDBC URL [Connecting through datasource 'HikariDataSource (HikariPool-1)']
	Database driver: undefined/unknown
	Database version: 18.0
	Autocommit mode: undefined/unknown
	Isolation level: undefined/unknown
	Minimum pool size: undefined/unknown
	Maximum pool size: undefined/unknown
2025-11-21T16:31:35.271+02:00  INFO 337078 --- [           main] o.h.e.t.j.p.i.JtaPlatformInitiator       : HHH000489: No JTA platform available (set 'hibernate.transaction.jta.platform' to enable JTA platform integration)
2025-11-21T16:31:35.358+02:00  INFO 337078 --- [           main] j.LocalContainerEntityManagerFactoryBean : Initialized JPA EntityManagerFactory for persistence unit 'default'
2025-11-21T16:31:35.633+02:00  WARN 337078 --- [           main] JpaBaseConfiguration$JpaWebConfiguration : spring.jpa.open-in-view is enabled by default. Therefore, database queries may be performed during view rendering. Explicitly configure spring.jpa.open-in-view to disable this warning
2025-11-21T16:31:35.873+02:00  INFO 337078 --- [           main] o.s.b.w.embedded.tomcat.TomcatWebServer  : Tomcat started on port 8080 (http) with context path '/'
2025-11-21T16:31:35.881+02:00  INFO 337078 --- [           main] o.arturs.firstSpring.Spring1Application  : Started Spring1Application in 3.22 seconds (process running for 3.486)
2025-11-21T16:31:37.639+02:00  INFO 337078 --- [nio-8080-exec-1] o.a.c.c.C.[Tomcat].[localhost].[/]       : Initializing Spring DispatcherServlet 'dispatcherServlet'
2025-11-21T16:31:37.639+02:00  INFO 337078 --- [nio-8080-exec-1] o.s.web.servlet.DispatcherServlet        : Initializing Servlet 'dispatcherServlet'
2025-11-21T16:31:37.640+02:00  INFO 337078 --- [nio-8080-exec-1] o.s.web.servlet.DispatcherServlet        : Completed initialization in 1 ms
user = UserModel(id=null, name=test, password=test, playedGames=0, wonGames=0)
Hibernate: select um1_0.id,um1_0.name,um1_0.password,um1_0.played_games,um1_0.won_games from users um1_0 where um1_0.name=? and um1_0.password=?
Hibernate: select nextval('users_seq')
Hibernate: insert into users (name,password,played_games,won_games,id) values (?,?,?,?,?)
UserDTO = UserDTO[id=452, playedGames=0, wonGames=0]
2025-11-21T16:32:59.398+02:00  INFO 337078 --- [ionShutdownHook] o.s.b.w.e.tomcat.GracefulShutdown        : Commencing graceful shutdown. Waiting for active requests to complete
2025-11-21T16:32:59.902+02:00  INFO 337078 --- [tomcat-shutdown] o.s.b.w.e.tomcat.GracefulShutdown        : Graceful shutdown complete
2025-11-21T16:32:59.912+02:00  INFO 337078 --- [ionShutdownHook] j.LocalContainerEntityManagerFactoryBean : Closing JPA EntityManagerFactory for persistence unit 'default'
2025-11-21T16:32:59.915+02:00  INFO 337078 --- [ionShutdownHook] com.zaxxer.hikari.HikariDataSource       : HikariPool-1 - Shutdown initiated...
2025-11-21T16:32:59.918+02:00  INFO 337078 --- [ionShutdownHook] com.zaxxer.hikari.HikariDataSource       : HikariPool-1 - Shutdown completed.
